2019-09-18 15:24:03,138 - INFO - 选择的浏览器为:Google Chrome浏览器
2019-09-18 15:24:08,568 - INFO - 启动谷歌浏览器
2019-09-18 15:24:10,071 - INFO - 进入172.16.19.219
2019-09-18 15:24:10,128 - INFO - 最大化浏览器
2019-09-18 15:24:10,135 - INFO - 5秒隐形等待时间
2019-09-18 15:24:42,466 - INFO - 关闭浏览器
2019-09-18 15:24:42,480 - INFO - 选择的浏览器为:Google Chrome浏览器
2019-09-18 15:24:47,515 - INFO - 启动谷歌浏览器
2019-09-18 15:24:48,323 - INFO - 进入172.16.19.219
2019-09-18 15:24:48,411 - INFO - 最大化浏览器
2019-09-18 15:24:48,415 - INFO - 5秒隐形等待时间
2019-09-18 15:24:53,696 - INFO - 关闭浏览器
2019-09-18 15:24:53,709 - INFO - 选择的浏览器为:Google Chrome浏览器
2019-09-18 15:24:58,747 - INFO - 启动谷歌浏览器
2019-09-18 15:24:59,482 - INFO - 进入172.16.19.219
2019-09-18 15:24:59,525 - INFO - 最大化浏览器
2019-09-18 15:24:59,556 - INFO - 5秒隐形等待时间
2019-09-18 15:25:05,518 - INFO - 关闭浏览器
2019-09-18 15:25:05,531 - INFO - 选择的浏览器为:Google Chrome浏览器
2019-09-18 15:25:10,582 - INFO - 启动谷歌浏览器
2019-09-18 15:25:11,376 - INFO - 进入172.16.19.219
2019-09-18 15:25:11,459 - INFO - 最大化浏览器
2019-09-18 15:25:11,463 - INFO - 5秒隐形等待时间
2019-09-18 15:25:16,890 - INFO - 关闭浏览器
2019-09-18 15:25:16,903 - INFO - 选择的浏览器为:Google Chrome浏览器
2019-09-18 15:25:22,206 - INFO - 启动谷歌浏览器
2019-09-18 15:25:23,048 - INFO - 进入172.16.19.219
2019-09-18 15:25:23,071 - INFO - 最大化浏览器
2019-09-18 15:25:23,078 - INFO - 5秒隐形等待时间
2019-09-18 15:25:29,204 - INFO - 关闭浏览器
2019-09-18 15:25:29,217 - INFO - 选择的浏览器为:Google Chrome浏览器
2019-09-18 15:25:33,848 - INFO - 启动谷歌浏览器
2019-09-18 15:25:34,555 - INFO - 进入172.16.19.219
2019-09-18 15:25:34,624 - INFO - 最大化浏览器
2019-09-18 15:25:34,631 - INFO - 5秒隐形等待时间
2019-09-18 15:25:40,638 - INFO - 关闭浏览器
2019-09-18 15:25:40,785 - INFO - 选择的浏览器为:Google Chrome浏览器
2019-09-18 15:25:46,072 - INFO - 启动谷歌浏览器
2019-09-18 15:25:46,841 - INFO - 进入172.16.19.219
2019-09-18 15:25:46,904 - INFO - 最大化浏览器
2019-09-18 15:25:46,908 - INFO - 5秒隐形等待时间
2019-09-18 15:25:52,077 - INFO - 关闭浏览器
2019-09-18 15:25:52,437 - INFO - 选择的浏览器为:Google Chrome浏览器
2019-09-18 15:25:58,188 - INFO - 启动谷歌浏览器
2019-09-18 15:25:59,223 - INFO - 进入172.16.19.219
2019-09-18 15:25:59,311 - INFO - 最大化浏览器
2019-09-18 15:25:59,318 - INFO - 5秒隐形等待时间
2019-09-18 15:26:06,088 - INFO - 关闭浏览器
2019-09-18 15:26:06,101 - INFO - 选择的浏览器为:Google Chrome浏览器
2019-09-18 15:26:11,043 - INFO - 启动谷歌浏览器
2019-09-18 15:26:13,819 - INFO - 进入172.16.19.219
2019-09-18 15:26:13,862 - INFO - 最大化浏览器
2019-09-18 15:26:13,868 - INFO - 5秒隐形等待时间
2019-09-18 15:26:18,102 - INFO - 选择的浏览器为:Google Chrome浏览器
2019-09-18 15:26:26,137 - INFO - 启动谷歌浏览器
2019-09-18 15:26:28,374 - INFO - 进入172.16.19.219
2019-09-18 15:26:28,400 - INFO - 最大化浏览器
2019-09-18 15:26:28,404 - INFO - 5秒隐形等待时间
2019-09-18 15:26:38,353 - INFO - 关闭浏览器
2019-09-18 15:26:38,368 - INFO - 选择的浏览器为:Google Chrome浏览器
2019-09-18 15:26:44,222 - INFO - 启动谷歌浏览器
2019-09-18 15:26:45,574 - INFO - 进入172.16.19.219
2019-09-18 15:26:45,680 - INFO - 最大化浏览器
2019-09-18 15:26:45,685 - INFO - 5秒隐形等待时间
2019-09-18 15:26:52,014 - INFO - 关闭浏览器
2019-09-18 15:26:52,029 - INFO - 选择的浏览器为:Google Chrome浏览器
