2019-09-18 15:29:16,011 - INFO - 选择的浏览器为:Google Chrome浏览器
2019-09-18 15:29:21,231 - INFO - 启动谷歌浏览器
2019-09-18 15:29:22,058 - INFO - 进入172.16.19.219
2019-09-18 15:29:22,133 - INFO - 最大化浏览器
2019-09-18 15:29:22,135 - INFO - 5秒隐形等待时间
2019-09-18 15:29:54,282 - INFO - 关闭浏览器
2019-09-18 15:29:54,296 - INFO - 选择的浏览器为:Google Chrome浏览器
2019-09-18 15:29:59,995 - INFO - 启动谷歌浏览器
2019-09-18 15:30:00,831 - INFO - 进入172.16.19.219
2019-09-18 15:30:00,906 - INFO - 最大化浏览器
2019-09-18 15:30:00,916 - INFO - 5秒隐形等待时间
2019-09-18 15:30:06,212 - INFO - 关闭浏览器
2019-09-18 15:30:06,225 - INFO - 选择的浏览器为:Google Chrome浏览器
2019-09-18 15:30:11,266 - INFO - 启动谷歌浏览器
2019-09-18 15:30:12,180 - INFO - 进入172.16.19.219
2019-09-18 15:30:12,221 - INFO - 最大化浏览器
2019-09-18 15:30:12,252 - INFO - 5秒隐形等待时间
2019-09-18 15:30:17,705 - INFO - 关闭浏览器
2019-09-18 15:30:17,719 - INFO - 选择的浏览器为:Google Chrome浏览器
2019-09-18 15:30:23,332 - INFO - 启动谷歌浏览器
2019-09-18 15:30:26,054 - INFO - 进入172.16.19.219
2019-09-18 15:30:26,096 - INFO - 最大化浏览器
2019-09-18 15:30:26,100 - INFO - 5秒隐形等待时间
2019-09-18 15:30:32,753 - INFO - 关闭浏览器
2019-09-18 15:30:32,767 - INFO - 选择的浏览器为:Google Chrome浏览器
2019-09-18 15:30:38,442 - INFO - 启动谷歌浏览器
2019-09-18 15:30:39,524 - INFO - 进入172.16.19.219
2019-09-18 15:30:39,565 - INFO - 最大化浏览器
2019-09-18 15:30:39,580 - INFO - 5秒隐形等待时间
2019-09-18 15:30:45,825 - INFO - 关闭浏览器
2019-09-18 15:30:45,840 - INFO - 选择的浏览器为:Google Chrome浏览器
2019-09-18 15:30:51,332 - INFO - 启动谷歌浏览器
2019-09-18 15:30:52,142 - INFO - 进入172.16.19.219
2019-09-18 15:30:52,215 - INFO - 最大化浏览器
2019-09-18 15:30:52,224 - INFO - 5秒隐形等待时间
2019-09-18 15:30:56,944 - INFO - 关闭浏览器
2019-09-18 15:30:57,086 - INFO - 选择的浏览器为:Google Chrome浏览器
2019-09-18 15:31:02,044 - INFO - 启动谷歌浏览器
2019-09-18 15:31:02,661 - INFO - 进入172.16.19.219
2019-09-18 15:31:02,711 - INFO - 最大化浏览器
2019-09-18 15:31:02,715 - INFO - 5秒隐形等待时间
2019-09-18 15:31:07,029 - INFO - 关闭浏览器
2019-09-18 15:31:07,148 - INFO - 选择的浏览器为:Google Chrome浏览器
2019-09-18 15:31:12,062 - INFO - 启动谷歌浏览器
2019-09-18 15:31:12,743 - INFO - 进入172.16.19.219
2019-09-18 15:31:12,804 - INFO - 最大化浏览器
2019-09-18 15:31:12,810 - INFO - 5秒隐形等待时间
2019-09-18 15:31:20,241 - INFO - 关闭浏览器
2019-09-18 15:31:20,258 - INFO - 选择的浏览器为:Google Chrome浏览器
2019-09-18 15:31:25,797 - INFO - 启动谷歌浏览器
2019-09-18 15:31:26,749 - INFO - 进入172.16.19.219
2019-09-18 15:31:26,802 - INFO - 最大化浏览器
2019-09-18 15:31:26,807 - INFO - 5秒隐形等待时间
2019-09-18 15:31:32,030 - INFO - 选择的浏览器为:Google Chrome浏览器
2019-09-18 15:31:38,232 - INFO - 启动谷歌浏览器
2019-09-18 15:31:40,156 - INFO - 进入172.16.19.219
2019-09-18 15:31:40,194 - INFO - 最大化浏览器
2019-09-18 15:31:40,201 - INFO - 5秒隐形等待时间
2019-09-18 15:31:46,641 - INFO - 关闭浏览器
2019-09-18 15:31:46,656 - INFO - 选择的浏览器为:Google Chrome浏览器
2019-09-18 15:31:52,468 - INFO - 启动谷歌浏览器
2019-09-18 15:31:53,462 - INFO - 进入172.16.19.219
2019-09-18 15:31:53,524 - INFO - 最大化浏览器
2019-09-18 15:31:53,527 - INFO - 5秒隐形等待时间
2019-09-18 15:32:01,221 - INFO - 关闭浏览器
2019-09-18 15:32:01,238 - INFO - 选择的浏览器为:Google Chrome浏览器
2019-09-18 15:32:07,168 - INFO - 启动谷歌浏览器
2019-09-18 15:32:08,351 - INFO - 进入172.16.19.219
2019-09-18 15:32:08,436 - INFO - 最大化浏览器
2019-09-18 15:32:08,440 - INFO - 5秒隐形等待时间
2019-09-18 15:32:20,698 - INFO - 关闭浏览器
2019-09-18 15:32:20,712 - INFO - 选择的浏览器为:Google Chrome浏览器
2019-09-18 15:32:26,145 - INFO - 启动谷歌浏览器
2019-09-18 15:32:27,515 - INFO - 进入172.16.19.219
2019-09-18 15:32:27,549 - INFO - 最大化浏览器
2019-09-18 15:32:27,551 - INFO - 5秒隐形等待时间
2019-09-18 15:32:32,147 - INFO - 关闭浏览器
2019-09-18 15:32:32,161 - INFO - 选择的浏览器为:Google Chrome浏览器
2019-09-18 15:32:37,935 - INFO - 启动谷歌浏览器
2019-09-18 15:32:39,218 - INFO - 进入172.16.19.219
2019-09-18 15:32:39,264 - INFO - 最大化浏览器
2019-09-18 15:32:39,268 - INFO - 5秒隐形等待时间
2019-09-18 15:32:44,607 - INFO - 关闭浏览器
2019-09-18 15:32:44,624 - INFO - 选择的浏览器为:Google Chrome浏览器
2019-09-18 15:32:49,934 - INFO - 启动谷歌浏览器
2019-09-18 15:32:50,749 - INFO - 进入172.16.19.219
2019-09-18 15:32:50,813 - INFO - 最大化浏览器
2019-09-18 15:32:50,831 - INFO - 5秒隐形等待时间
2019-09-18 15:32:57,210 - INFO - 关闭浏览器
2019-09-18 15:32:57,223 - INFO - 选择的浏览器为:Google Chrome浏览器
2019-09-18 15:33:02,587 - INFO - 启动谷歌浏览器
2019-09-18 15:33:03,548 - INFO - 进入172.16.19.219
2019-09-18 15:33:03,592 - INFO - 最大化浏览器
2019-09-18 15:33:03,594 - INFO - 5秒隐形等待时间
2019-09-18 15:33:09,722 - INFO - 关闭浏览器
2019-09-18 15:33:09,738 - INFO - 选择的浏览器为:Google Chrome浏览器
2019-09-18 15:33:15,192 - INFO - 启动谷歌浏览器
2019-09-18 15:33:16,136 - INFO - 进入172.16.19.219
2019-09-18 15:33:16,204 - INFO - 最大化浏览器
2019-09-18 15:33:16,208 - INFO - 5秒隐形等待时间
2019-09-18 15:33:23,880 - INFO - 关闭浏览器
